Arguments: 
  /usr/local/bin/node /usr/local/Cellar/yarn/1.22.10/libexec/bin/yarn.js add esprima escodegen estraverse ejs

PATH: 
  /usr/local/sbin:/usr/local/bin:/usr/local/bin:/usr/bin:/bin:/usr/sbin:/sbin:/usr/local/sbin

Yarn version: 
  1.22.10

Node version: 
  14.15.3

Platform: 
  darwin x64

Trace: 
  Error: https://registry.npm.taobao.org/filelist/download/filelist-1.0.1.tgz: Request failed "500 Internal Server Error"
      at ResponseError.ExtendableBuiltin (/usr/local/Cellar/yarn/1.22.10/libexec/lib/cli.js:696:66)
      at new ResponseError (/usr/local/Cellar/yarn/1.22.10/libexec/lib/cli.js:802:124)
      at Request.<anonymous> (/usr/local/Cellar/yarn/1.22.10/libexec/lib/cli.js:67058:16)
      at Request.emit (events.js:315:20)
      at Request.module.exports.Request.onRequestResponse (/usr/local/Cellar/yarn/1.22.10/libexec/lib/cli.js:141626:10)
      at ClientRequest.emit (events.js:315:20)
      at HTTPParser.parserOnIncomingClient (_http_client.js:641:27)
      at HTTPParser.parserOnHeadersComplete (_http_common.js:126:17)
      at TLSSocket.socketOnData (_http_client.js:509:22)
      at TLSSocket.emit (events.js:315:20)

npm manifest: 
  {
    "name": "mx-webpack",
    "version": "1.0.0",
    "description": "",
    "main": "index.js",
    "bin": {
      "mxpack": "./bin/mxpack.js"
    },
    "scripts": {
      "test": "echo \"Error: no test specified\" && exit 1"
    },
    "keywords": [],
    "author": "",
    "license": "ISC",
    "dependencies": {
      "tapable": "^2.2.0"
    }
  }

yarn manifest: 
  No manifest

Lockfile: 
  # THIS IS AN AUTOGENERATED FILE. DO NOT EDIT THIS FILE DIRECTLY.
  # yarn lockfile v1
  
  
  tapable@^2.2.0:
    version "2.2.0"
    resolved "https://registry.npm.taobao.org/tapable/download/tapable-2.2.0.tgz?cache=0&sync_timestamp=1607088891056&other_urls=https%3A%2F%2Fregistry.npm.taobao.org%2Ftapable%2Fdownload%2Ftapable-2.2.0.tgz#5c373d281d9c672848213d0e037d1c4165ab426b"
    integrity sha1-XDc9KB2cZyhIIT0OA30cQWWrQms=
